TN:
SF:/Users/stefan/.openclaw/workspace/yuleASR/tests/e2e/test_e2e_can_communication.c
FNL:0,20,23
FNA:0,1,mock_can_init
FNL:1,25,31
FNA:1,12,mock_can_transmit
FNL:2,34,45
FNA:2,2,mock_can_receive
FNL:3,48,51
FNA:3,1,mock_comm_request_mode
FNL:4,54,59
FNA:4,2,mock_com_rx_callback
FNL:5,62,68
FNA:5,1,test_can_init
FNL:6,72,82
FNA:6,1,test_can_transmit
FNL:7,86,104
FNA:7,1,test_can_rx_roundtrip
FNL:8,108,128
FNA:8,1,test_full_communication_cycle
FNL:9,132,146
FNA:9,1,test_multiple_messages
FNL:10,149,163
FNA:10,1,main
FNF:11
FNH:11
DA:20,1
DA:22,1
DA:23,1
DA:25,12
DA:27,12
DA:28,12
DA:29,12
DA:30,12
DA:31,12
DA:34,2
DA:36,2
DA:37,2
DA:38,2
DA:39,2
DA:41,2
DA:42,2
DA:44,0
DA:45,2
DA:48,1
DA:51,1
DA:54,2
DA:56,2
DA:57,2
DA:58,2
DA:59,2
DA:62,1
DA:64,1
DA:65,1
DA:66,1
DA:67,1
DA:68,1
DA:72,1
DA:74,1
DA:77,1
DA:78,1
DA:79,1
DA:80,1
DA:81,1
DA:82,1
DA:86,1
DA:92,1
DA:93,1
DA:96,1
DA:97,1
DA:100,1
DA:101,1
DA:103,1
DA:104,1
DA:108,1
DA:110,1
DA:116,1
DA:119,1
DA:122,1
DA:125,1
DA:127,1
DA:128,1
DA:132,1
DA:135,1
DA:136,1
DA:138,11
DA:140,10
DA:141,10
DA:142,10
DA:144,1
DA:145,1
DA:146,1
DA:149,1
DA:151,1
DA:152,1
DA:154,1
DA:156,1
DA:157,1
DA:158,1
DA:159,1
DA:160,1
DA:162,1
DA:163,1
LF:77
LH:76
end_of_record
