TN:
SF:/Users/stefan/.openclaw/workspace/yuleASR/tests/e2e/test_e2e_can_communication.c
FNL:0,20,23
FNA:0,2,mock_can_init
FNL:1,25,31
FNA:1,24,mock_can_transmit
FNL:2,34,45
FNA:2,4,mock_can_receive
FNL:3,48,51
FNA:3,2,mock_comm_request_mode
FNL:4,54,59
FNA:4,4,mock_com_rx_callback
FNL:5,62,68
FNA:5,2,test_can_init
FNL:6,72,82
FNA:6,2,test_can_transmit
FNL:7,86,104
FNA:7,2,test_can_rx_roundtrip
FNL:8,108,128
FNA:8,2,test_full_communication_cycle
FNL:9,132,146
FNA:9,2,test_multiple_messages
FNL:10,149,163
FNA:10,2,main
FNF:11
FNH:11
DA:20,2
DA:22,2
DA:23,2
DA:25,24
DA:27,24
DA:28,24
DA:29,24
DA:30,24
DA:31,24
DA:34,4
DA:36,4
DA:37,4
DA:38,4
DA:39,4
DA:41,4
DA:42,4
DA:44,0
DA:45,4
DA:48,2
DA:51,2
DA:54,4
DA:56,4
DA:57,4
DA:58,4
DA:59,4
DA:62,2
DA:64,2
DA:65,2
DA:66,2
DA:67,2
DA:68,2
DA:72,2
DA:74,2
DA:77,2
DA:78,2
DA:79,2
DA:80,2
DA:81,2
DA:82,2
DA:86,2
DA:92,2
DA:93,2
DA:96,2
DA:97,2
DA:100,2
DA:101,2
DA:103,2
DA:104,2
DA:108,2
DA:110,2
DA:116,2
DA:119,2
DA:122,2
DA:125,2
DA:127,2
DA:128,2
DA:132,2
DA:135,2
DA:136,2
DA:138,22
DA:140,20
DA:141,20
DA:142,20
DA:144,2
DA:145,2
DA:146,2
DA:149,2
DA:151,2
DA:152,2
DA:154,2
DA:156,2
DA:157,2
DA:158,2
DA:159,2
DA:160,2
DA:162,2
DA:163,2
LF:77
LH:76
end_of_record
